#
# There is insufficient memory for the Java Runtime Environment to continue.
# Native memory allocation (mmap) failed to map 65536 bytes for Failed to commit metaspace.
# Possible reasons:
#   The system is out of physical RAM or swap space
#   The process is running with CompressedOops enabled, and the Java Heap may be blocking the growth of the native heap
# Possible solutions:
#   Reduce memory load on the system
#   Increase physical memory or swap space
#   Check if swap backing store is full
#   Decrease Java heap size (-Xmx/-Xms)
#   Decrease number of Java threads
#   Decrease Java thread stack sizes (-Xss)
#   Set larger code cache with -XX:ReservedCodeCacheSize=
#   JVM is running with Zero Based Compressed Oops mode in which the Java heap is
#     placed in the first 32GB address space. The Java Heap base address is the
#     maximum limit for the native heap growth. Please use -XX:HeapBaseMinAddress
#     to set the Java Heap base and to place the Java Heap above 32GB virtual address.
# This output file may be truncated or incomplete.
#
#  Out of Memory Error (virtualSpaceNode.cpp:110), pid=6156, tid=27768
#
# JRE version: Java(TM) SE Runtime Environment (17.0.5+9) (build 17.0.5+9-LTS-191)
# Java VM: Java HotSpot(TM) 64-Bit Server VM (17.0.5+9-LTS-191, mixed mode, emulated-client, sharing, tiered, compressed oops, compressed class ptrs, g1 gc, windows-amd64)
# No core dump will be written. Minidumps are not enabled by default on client versions of Windows
#

---------------  S U M M A R Y ------------

Command Line: -XX:TieredStopAtLevel=1 -Dspring.output.ansi.enabled=always -Dcom.sun.management.jmxremote -Dspring.jmx.enabled=true -Dspring.liveBeansView.mbeanDomain -Dspring.application.admin.enabled=true -javaagent:C:\Program Files\JetBrains\IntelliJ IDEA 2022.2.1\lib\idea_rt.jar=4167:C:\Program Files\JetBrains\IntelliJ IDEA 2022.2.1\bin -Dfile.encoding=UTF-8 com.infinity.config.ConfigServerApplication

Host: Intel(R) Core(TM) i7-10510U CPU @ 1.80GHz, 8 cores, 15G,  Windows 11 , 64 bit Build 22621 (10.0.22621.1105)
Time: Tue Feb 14 06:45:45 2023 West Bank Gaza Standard Time elapsed time: 1.046992 seconds (0d 0h 0m 1s)

---------------  T H R E A D  ---------------

Current thread (0x000001dd79ac9dc0):  JavaThread "main" [_thread_in_vm, id=27768, stack(0x0000001863c00000,0x0000001863d00000)]

Stack: [0x0000001863c00000,0x0000001863d00000]
Native frames: (J=compiled Java code, j=interpreted, Vv=VM code, C=native code)
V  [jvm.dll+0x672eea]
V  [jvm.dll+0x7d2a04]
V  [jvm.dll+0x7d41ae]
V  [jvm.dll+0x7d4813]
V  [jvm.dll+0x242c15]
V  [jvm.dll+0x7ce9ab]
V  [jvm.dll+0x618bb6]
V  [jvm.dll+0x618c1a]
V  [jvm.dll+0x61b42a]
V  [jvm.dll+0x619556]
V  [jvm.dll+0x2387a7]
V  [jvm.dll+0x1e3ad3]
V  [jvm.dll+0x1e8886]
V  [jvm.dll+0x1de2a1]
V  [jvm.dll+0x5393e0]
V  [jvm.dll+0x1eea87]
V  [jvm.dll+0x74c92b]
V  [jvm.dll+0x74dcd2]
V  [jvm.dll+0x4100b5]
C  [java.dll+0x1a55]

Java frames: (J=compiled Java code, j=interpreted, Vv=VM code)
j  java.lang.ClassLoader.findBootstrapClass(Ljava/lang/String;)Ljava/lang/Class;+0 java.base@17.0.5
j  java.lang.ClassLoader.findBootstrapClassOrNull(Ljava/lang/String;)Ljava/lang/Class;+10 java.base@17.0.5
j  java.lang.System$2.findBootstrapClassOrNull(Ljava/lang/String;)Ljava/lang/Class;+1 java.base@17.0.5
j  jdk.internal.loader.ClassLoaders$BootClassLoader.loadClassOrNull(Ljava/lang/String;Z)Ljava/lang/Class;+4 java.base@17.0.5
j  jdk.internal.loader.BuiltinClassLoader.loadClassOrNull(Ljava/lang/String;)Ljava/lang/Class;+3 java.base@17.0.5
j  jdk.internal.loader.BuiltinClassLoader.loadClassOrNull(Ljava/lang/String;Z)Ljava/lang/Class;+66 java.base@17.0.5
j  jdk.internal.loader.BuiltinClassLoader.loadClass(Ljava/lang/String;Z)Ljava/lang/Class;+3 java.base@17.0.5
j  jdk.internal.loader.ClassLoaders$AppClassLoader.loadClass(Ljava/lang/String;Z)Ljava/lang/Class;+36 java.base@17.0.5
j  java.lang.ClassLoader.loadClass(Ljava/lang/String;)Ljava/lang/Class;+3 java.base@17.0.5
v  ~StubRoutines::call_stub
j  org.slf4j.helpers.SubstituteLoggerFactory.<init>()V+21
j  org.slf4j.helpers.SubstituteServiceProvider.<init>()V+9
j  org.slf4j.LoggerFactory.<clinit>()V+8
v  ~StubRoutines::call_stub
j  org.apache.commons.logging.LogAdapter$Slf4jAdapter.createLocationAwareLog(Ljava/lang/String;)Lorg/apache/commons/logging/Log;+1
j  org.apache.commons.logging.LogAdapter$$Lambda$95+0x0000000800cc62f0.apply(Ljava/lang/Object;)Ljava/lang/Object;+4
j  org.apache.commons.logging.LogAdapter.createLog(Ljava/lang/String;)Lorg/apache/commons/logging/Log;+4
j  org.apache.commons.logging.LogFactory.getLog(Ljava/lang/String;)Lorg/apache/commons/logging/Log;+1
j  org.apache.commons.logging.LogFactory.getLog(Ljava/lang/Class;)Lorg/apache/commons/logging/Log;+4
j  org.springframework.boot.SpringApplication.<clinit>()V+2
v  ~StubRoutines::call_stub
j  com.infinity.config.ConfigServerApplication.main([Ljava/lang/String;)V+3
v  ~StubRoutines::call_stub

---------------  P R O C E S S  ---------------

Threads class SMR info:
_java_thread_list=0x000001dd117ed680, length=15, elements={
0x000001dd79ac9dc0, 0x000001dd7eeca4d0, 0x000001dd7eecd830, 0x000001dd7eee2a20,
0x000001dd7eee54e0, 0x000001dd7eee6630, 0x000001dd7eee9790, 0x000001dd7eeed6f0,
0x000001dd7eeedff0, 0x000001dd7eeb5e90, 0x000001dd7f8e1e70, 0x000001dd7f8e2840,
0x000001dd7fbfcc20, 0x000001dd7fbfd4f0, 0x000001dd11817eb0
}

Java Threads: ( => current thread )
=>0x000001dd79ac9dc0 JavaThread "main" [_thread_in_vm, id=27768, stack(0x0000001863c00000,0x0000001863d00000)]
  0x000001dd7eeca4d0 JavaThread "Reference Handler" daemon [_thread_blocked, id=20100, stack(0x0000001864300000,0x0000001864400000)]
  0x000001dd7eecd830 JavaThread "Finalizer" daemon [_thread_blocked, id=3864, stack(0x0000001864400000,0x0000001864500000)]
  0x000001dd7eee2a20 JavaThread "Signal Dispatcher" daemon [_thread_blocked, id=30496, stack(0x0000001864500000,0x0000001864600000)]
  0x000001dd7eee54e0 JavaThread "Attach Listener" daemon [_thread_blocked, id=13112, stack(0x0000001864600000,0x0000001864700000)]
  0x000001dd7eee6630 JavaThread "Service Thread" daemon [_thread_blocked, id=19372, stack(0x0000001864700000,0x0000001864800000)]
  0x000001dd7eee9790 JavaThread "Monitor Deflation Thread" daemon [_thread_blocked, id=26500, stack(0x0000001864800000,0x0000001864900000)]
  0x000001dd7eeed6f0 JavaThread "C1 CompilerThread0" daemon [_thread_blocked, id=32268, stack(0x0000001864900000,0x0000001864a00000)]
  0x000001dd7eeedff0 JavaThread "Sweeper thread" daemon [_thread_blocked, id=16124, stack(0x0000001864a00000,0x0000001864b00000)]
  0x000001dd7eeb5e90 JavaThread "Common-Cleaner" daemon [_thread_blocked, id=31064, stack(0x0000001864b00000,0x0000001864c00000)]
  0x000001dd7f8e1e70 JavaThread "C1 CompilerThread1" daemon [_thread_blocked, id=16932, stack(0x0000001864c00000,0x0000001864d00000)]
  0x000001dd7f8e2840 JavaThread "C1 CompilerThread2" daemon [_thread_blocked, id=22632, stack(0x0000001864d00000,0x0000001864e00000)]
  0x000001dd7fbfcc20 JavaThread "Monitor Ctrl-Break" daemon [_thread_in_native, id=3464, stack(0x0000001864e00000,0x0000001864f00000)]
  0x000001dd7fbfd4f0 JavaThread "Notification Thread" daemon [_thread_blocked, id=13516, stack(0x0000001864f00000,0x0000001865000000)]
  0x000001dd11817eb0 JavaThread "RMI TCP Accept-0" daemon [_thread_in_native, id=29076, stack(0x0000001865000000,0x0000001865100000)]

Other Threads:
  0x000001dd7eec62a0 VMThread "VM Thread" [stack: 0x0000001864200000,0x0000001864300000] [id=20300]
  0x000001dd1180c0e0 WatcherThread [stack: 0x0000001865100000,0x0000001865200000] [id=31512]
  0x000001dd79b34070 GCTaskThread "GC Thread#0" [stack: 0x0000001863d00000,0x0000001863e00000] [id=30476]
  0x000001dd79b45e20 ConcurrentGCThread "G1 Main Marker" [stack: 0x0000001863e00000,0x0000001863f00000] [id=30348]
  0x000001dd79b47e80 ConcurrentGCThread "G1 Conc#0" [stack: 0x0000001863f00000,0x0000001864000000] [id=28180]
  0x000001dd7ed844f0 ConcurrentGCThread "G1 Refine#0" [stack: 0x0000001864000000,0x0000001864100000] [id=24556]
  0x000001dd7ed84db0 ConcurrentGCThread "G1 Service" [stack: 0x0000001864100000,0x0000001864200000] [id=10504]

Threads with active compile tasks:

VM state: not at safepoint (normal execution)

VM Mutex/Monitor currently owned by a thread:  ([mutex/lock_event])
[0x000001dd79ac7c50] Metaspace_lock - owner thread: 0x000001dd79ac9dc0

Heap address: 0x0000000703000000, size: 4048 MB, Compressed Oops mode: Zero based, Oop shift amount: 3

CDS archive(s) mapped at: [0x0000000800000000-0x0000000800bd0000-0x0000000800bd0000), size 12386304, SharedBaseAddress: 0x0000000800000000, ArchiveRelocationMode: 0.
Compressed class space mapped at: 0x0000000800c00000-0x0000000840c00000, reserved size: 1073741824
Narrow klass base: 0x0000000800000000, Narrow klass shift: 0, Narrow klass range: 0x100000000

GC Precious Log:
 CPUs: 8 total, 8 available
 Memory: 16187M
 Large Page Support: Disabled
 NUMA Support: Disabled
 Compressed Oops: Enabled (Zero based)
 Heap Region Size: 2M
 Heap Min Capacity: 8M
 Heap Initial Capacity: 254M
 Heap Max Capacity: 4048M
 Pre-touch: Disabled
 Parallel Workers: 8
 Concurrent Workers: 2
 Concurrent Refinement Workers: 8
 Periodic GC: Disabled

Heap:
 garbage-first heap   total 260096K, used 12288K [0x0000000703000000, 0x0000000800000000)
  region size 2048K, 8 young (16384K), 0 survivors (0K)
 Metaspace       used 4638K, committed 4800K, reserved 1056768K
  class space    used 554K, committed 640K, reserved 1048576K

Heap Regions: E=young(eden), S=young(survivor), O=old, HS=humongous(starts), HC=humongous(continues), CS=collection set, F=free, OA=open archive, CA=closed archive, TAMS=top-at-mark-start (previous, next)
|   0|0x0000000703000000, 0x0000000703000000, 0x0000000703200000|  0%| F|  |TAMS 0x0000000703000000, 0x0000000703000000| Untracked 
|   1|0x0000000703200000, 0x0000000703200000, 0x0000000703400000|  0%| F|  |TAMS 0x0000000703200000, 0x0000000703200000| Untracked 
|   2|0x0000000703400000, 0x0000000703400000, 0x0000000703600000|  0%| F|  |TAMS 0x0000000703400000, 0x0000000703400000| Untracked 
|   3|0x0000000703600000, 0x0000000703600000, 0x0000000703800000|  0%| F|  |TAMS 0x0000000703600000, 0x0000000703600000| Untracked 
|   4|0x0000000703800000, 0x0000000703800000, 0x0000000703a00000|  0%| F|  |TAMS 0x0000000703800000, 0x0000000703800000| Untracked 
|   5|0x0000000703a00000, 0x0000000703a00000, 0x0000000703c00000|  0%| F|  |TAMS 0x0000000703a00000, 0x0000000703a00000| Untracked 
|   6|0x0000000703c00000, 0x0000000703c00000, 0x0000000703e00000|  0%| F|  |TAMS 0x0000000703c00000, 0x0000000703c00000| Untracked 
|   7|0x0000000703e00000, 0x0000000703e00000, 0x0000000704000000|  0%| F|  |TAMS 0x0000000703e00000, 0x0000000703e00000| Untracked 
|   8|0x0000000704000000, 0x0000000704000000, 0x0000000704200000|  0%| F|  |TAMS 0x0000000704000000, 0x0000000704000000| Untracked 
|   9|0x0000000704200000, 0x0000000704200000, 0x0000000704400000|  0%| F|  |TAMS 0x0000000704200000, 0x0000000704200000| Untracked 
|  10|0x0000000704400000, 0x0000000704400000, 0x0000000704600000|  0%| F|  |TAMS 0x0000000704400000, 0x0000000704400000| Untracked 
|  11|0x0000000704600000, 0x0000000704600000, 0x0000000704800000|  0%| F|  |TAMS 0x0000000704600000, 0x0000000704600000| Untracked 
|  12|0x0000000704800000, 0x0000000704800000, 0x0000000704a00000|  0%| F|  |TAMS 0x0000000704800000, 0x0000000704800000| Untracked 
|  13|0x0000000704a00000, 0x0000000704a00000, 0x0000000704c00000|  0%| F|  |TAMS 0x0000000704a00000, 0x0000000704a00000| Untracked 
|  14|0x0000000704c00000, 0x0000000704c00000, 0x0000000704e00000|  0%| F|  |TAMS 0x0000000704c00000, 0x0000000704c00000| Untracked 
|  15|0x0000000704e00000, 0x0000000704e00000, 0x0000000705000000|  0%| F|  |TAMS 0x0000000704e00000, 0x0000000704e00000| Untracked 
|  16|0x0000000705000000, 0x0000000705000000, 0x0000000705200000|  0%| F|  |TAMS 0x0000000705000000, 0x0000000705000000| Untracked 
|  17|0x0000000705200000, 0x0000000705200000, 0x0000000705400000|  0%| F|  |TAMS 0x0000000705200000, 0x0000000705200000| Untracked 
|  18|0x0000000705400000, 0x0000000705400000, 0x0000000705600000|  0%| F|  |TAMS 0x0000000705400000, 0x0000000705400000| Untracked 
|  19|0x0000000705600000, 0x0000000705600000, 0x0000000705800000|  0%| F|  |TAMS 0x0000000705600000, 0x0000000705600000| Untracked 
|  20|0x0000000705800000, 0x0000000705800000, 0x0000000705a00000|  0%| F|  |TAMS 0x0000000705800000, 0x0000000705800000| Untracked 
|  21|0x0000000705a00000, 0x0000000705a00000, 0x0000000705c00000|  0%| F|  |TAMS 0x0000000705a00000, 0x0000000705a00000| Untracked 
|  22|0x0000000705c00000, 0x0000000705c00000, 0x0000000705e00000|  0%| F|  |TAMS 0x0000000705c00000, 0x0000000705c00000| Untracked 
|  23|0x0000000705e00000, 0x0000000705e00000, 0x0000000706000000|  0%| F|  |TAMS 0x0000000705e00000, 0x0000000705e00000| Untracked 
|  24|0x0000000706000000, 0x0000000706000000, 0x0000000706200000|  0%| F|  |TAMS 0x0000000706000000, 0x0000000706000000| Untracked 
|  25|0x0000000706200000, 0x0000000706200000, 0x0000000706400000|  0%| F|  |TAMS 0x0000000706200000, 0x0000000706200000| Untracked 
|  26|0x0000000706400000, 0x0000000706400000, 0x0000000706600000|  0%| F|  |TAMS 0x0000000706400000, 0x0000000706400000| Untracked 
|  27|0x0000000706600000, 0x0000000706600000, 0x0000000706800000|  0%| F|  |TAMS 0x0000000706600000, 0x0000000706600000| Untracked 
|  28|0x0000000706800000, 0x0000000706800000, 0x0000000706a00000|  0%| F|  |TAMS 0x0000000706800000, 0x0000000706800000| Untracked 
|  29|0x0000000706a00000, 0x0000000706a00000, 0x0000000706c00000|  0%| F|  |TAMS 0x0000000706a00000, 0x0000000706a00000| Untracked 
|  30|0x0000000706c00000, 0x0000000706c00000, 0x0000000706e00000|  0%| F|  |TAMS 0x0000000706c00000, 0x0000000706c00000| Untracked 
|  31|0x0000000706e00000, 0x0000000706e00000, 0x0000000707000000|  0%| F|  |TAMS 0x0000000706e00000, 0x0000000706e00000| Untracked 
|  32|0x0000000707000000, 0x0000000707000000, 0x0000000707200000|  0%| F|  |TAMS 0x0000000707000000, 0x0000000707000000| Untracked 
|  33|0x0000000707200000, 0x0000000707200000, 0x0000000707400000|  0%| F|  |TAMS 0x0000000707200000, 0x0000000707200000| Untracked 
|  34|0x0000000707400000, 0x0000000707400000, 0x0000000707600000|  0%| F|  |TAMS 0x0000000707400000, 0x0000000707400000| Untracked 
|  35|0x0000000707600000, 0x0000000707600000, 0x0000000707800000|  0%| F|  |TAMS 0x0000000707600000, 0x0000000707600000| Untracked 
|  36|0x0000000707800000, 0x0000000707800000, 0x0000000707a00000|  0%| F|  |TAMS 0x0000000707800000, 0x0000000707800000| Untracked 
|  37|0x0000000707a00000, 0x0000000707a00000, 0x0000000707c00000|  0%| F|  |TAMS 0x0000000707a00000, 0x0000000707a00000| Untracked 
|  38|0x0000000707c00000, 0x0000000707c00000, 0x0000000707e00000|  0%| F|  |TAMS 0x0000000707c00000, 0x0000000707c00000| Untracked 
|  39|0x0000000707e00000, 0x0000000707e00000, 0x0000000708000000|  0%| F|  |TAMS 0x0000000707e00000, 0x0000000707e00000| Untracked 
|  40|0x0000000708000000, 0x0000000708000000, 0x0000000708200000|  0%| F|  |TAMS 0x0000000708000000, 0x0000000708000000| Untracked 
|  41|0x0000000708200000, 0x0000000708200000, 0x0000000708400000|  0%| F|  |TAMS 0x0000000708200000, 0x0000000708200000| Untracked 
|  42|0x0000000708400000, 0x0000000708400000, 0x0000000708600000|  0%| F|  |TAMS 0x0000000708400000, 0x0000000708400000| Untracked 
|  43|0x0000000708600000, 0x0000000708600000, 0x0000000708800000|  0%| F|  |TAMS 0x0000000708600000, 0x0000000708600000| Untracked 
|  44|0x0000000708800000, 0x0000000708800000, 0x0000000708a00000|  0%| F|  |TAMS 0x0000000708800000, 0x0000000708800000| Untracked 
|  45|0x0000000708a00000, 0x0000000708a00000, 0x0000000708c00000|  0%| F|  |TAMS 0x0000000708a00000, 0x0000000708a00000| Untracked 
|  46|0x0000000708c00000, 0x0000000708c00000, 0x0000000708e00000|  0%| F|  |TAMS 0x0000000708c00000, 0x0000000708c00000| Untracked 
|  47|0x0000000708e00000, 0x0000000708e00000, 0x0000000709000000|  0%| F|  |TAMS 0x0000000708e00000, 0x0000000708e00000| Untracked 
|  48|0x0000000709000000, 0x0000000709000000, 0x0000000709200000|  0%| F|  |TAMS 0x0000000709000000, 0x0000000709000000| Untracked 
|  49|0x0000000709200000, 0x0000000709200000, 0x0000000709400000|  0%| F|  |TAMS 0x0000000709200000, 0x0000000709200000| Untracked 
|  50|0x0000000709400000, 0x0000000709400000, 0x0000000709600000|  0%| F|  |TAMS 0x0000000709400000, 0x0000000709400000| Untracked 
|  51|0x0000000709600000, 0x0000000709600000, 0x0000000709800000|  0%| F|  |TAMS 0x0000000709600000, 0x0000000709600000| Untracked 
|  52|0x0000000709800000, 0x0000000709800000, 0x0000000709a00000|  0%| F|  |TAMS 0x0000000709800000, 0x0000000709800000| Untracked 
|  53|0x0000000709a00000, 0x0000000709a00000, 0x0000000709c00000|  0%| F|  |TAMS 0x0000000709a00000, 0x0000000709a00000| Untracked 
|  54|0x0000000709c00000, 0x0000000709c00000, 0x0000000709e00000|  0%| F|  |TAMS 0x0000000709c00000, 0x0000000709c00000| Untracked 
|  55|0x0000000709e00000, 0x0000000709e00000, 0x000000070a000000|  0%| F|  |TAMS 0x0000000709e00000, 0x0000000709e00000| Untracked 
|  56|0x000000070a000000, 0x000000070a000000, 0x000000070a200000|  0%| F|  |TAMS 0x000000070a000000, 0x000000070a000000| Untracked 
|  57|0x000000070a200000, 0x000000070a200000, 0x000000070a400000|  0%| F|  |TAMS 0x000000070a200000, 0x000000070a200000| Untracked 
|  58|0x000000070a400000, 0x000000070a400000, 0x000000070a600000|  0%| F|  |TAMS 0x000000070a400000, 0x000000070a400000| Untracked 
|  59|0x000000070a600000, 0x000000070a600000, 0x000000070a800000|  0%| F|  |TAMS 0x000000070a600000, 0x000000070a600000| Untracked 
|  60|0x000000070a800000, 0x000000070a800000, 0x000000070aa00000|  0%| F|  |TAMS 0x000000070a800000, 0x000000070a800000| Untracked 
|  61|0x000000070aa00000, 0x000000070aa00000, 0x000000070ac00000|  0%| F|  |TAMS 0x000000070aa00000, 0x000000070aa00000| Untracked 
|  62|0x000000070ac00000, 0x000000070ac00000, 0x000000070ae00000|  0%| F|  |TAMS 0x000000070ac00000, 0x000000070ac00000| Untracked 
|  63|0x000000070ae00000, 0x000000070ae00000, 0x000000070b000000|  0%| F|  |TAMS 0x000000070ae00000, 0x000000070ae00000| Untracked 
|  64|0x000000070b000000, 0x000000070b000000, 0x000000070b200000|  0%| F|  |TAMS 0x000000070b000000, 0x000000070b000000| Untracked 
|  65|0x000000070b200000, 0x000000070b200000, 0x000000070b400000|  0%| F|  |TAMS 0x000000070b200000, 0x000000070b200000| Untracked 
|  66|0x000000070b400000, 0x000000070b400000, 0x000000070b600000|  0%| F|  |TAMS 0x000000070b400000, 0x000000070b400000| Untracked 
|  67|0x000000070b600000, 0x000000070b600000, 0x000000070b800000|  0%| F|  |TAMS 0x000000070b600000, 0x000000070b600000| Untracked 
|  68|0x000000070b800000, 0x000000070b800000, 0x000000070ba00000|  0%| F|  |TAMS 0x000000070b800000, 0x000000070b800000| Untracked 
|  69|0x000000070ba00000, 0x000000070ba00000, 0x000000070bc00000|  0%| F|  |TAMS 0x000000070ba00000, 0x000000070ba00000| Untracked 
|  70|0x000000070bc00000, 0x000000070bc00000, 0x000000070be00000|  0%| F|  |TAMS 0x000000070bc00000, 0x000000070bc00000| Untracked 
|  71|0x000000070be00000, 0x000000070be00000, 0x000000070c000000|  0%| F|  |TAMS 0x000000070be00000, 0x000000070be00000| Untracked 
|  72|0x000000070c000000, 0x000000070c000000, 0x000000070c200000|  0%| F|  |TAMS 0x000000070c000000, 0x000000070c000000| Untracked 
|  73|0x000000070c200000, 0x000000070c200000, 0x000000070c400000|  0%| F|  |TAMS 0x000000070c200000, 0x000000070c200000| Untracked 
|  74|0x000000070c400000, 0x000000070c400000, 0x000000070c600000|  0%| F|  |TAMS 0x000000070c400000, 0x000000070c400000| Untracked 
|  75|0x000000070c600000, 0x000000070c600000, 0x000000070c800000|  0%| F|  |TAMS 0x000000070c600000, 0x000000070c600000| Untracked 
|  76|0x000000070c800000, 0x000000070c800000, 0x000000070ca00000|  0%| F|  |TAMS 0x000000070c800000, 0x000000070c800000| Untracked 
|  77|0x000000070ca00000, 0x000000070ca00000, 0x000000070cc00000|  0%| F|  |TAMS 0x000000070ca00000, 0x000000070ca00000| Untracked 
|  78|0x000000070cc00000, 0x000000070cc00000, 0x000000070ce00000|  0%| F|  |TAMS 0x000000070cc00000, 0x000000070cc00000| Untracked 
|  79|0x000000070ce00000, 0x000000070ce00000, 0x000000070d000000|  0%| F|  |TAMS 0x000000070ce00000, 0x000000070ce00000| Untracked 
|  80|0x000000070d000000, 0x000000070d000000, 0x000000070d200000|  0%| F|  |TAMS 0x000000070d000000, 0x000000070d000000| Untracked 
|  81|0x000000070d200000, 0x000000070d200000, 0x000000070d400000|  0%| F|  |TAMS 0x000000070d200000, 0x000000070d200000| Untracked 
|  82|0x000000070d400000, 0x000000070d400000, 0x000000070d600000|  0%| F|  |TAMS 0x000000070d400000, 0x000000070d400000| Untracked 
|  83|0x000000070d600000, 0x000000070d600000, 0x000000070d800000|  0%| F|  |TAMS 0x000000070d600000, 0x000000070d600000| Untracked 
|  84|0x000000070d800000, 0x000000070d800000, 0x000000070da00000|  0%| F|  |TAMS 0x000000070d800000, 0x000000070d800000| Untracked 
|  85|0x000000070da00000, 0x000000070da00000, 0x000000070dc00000|  0%| F|  |TAMS 0x000000070da00000, 0x000000070da00000| Untracked 
|  86|0x000000070dc00000, 0x000000070dc00000, 0x000000070de00000|  0%| F|  |TAMS 0x000000070dc00000, 0x000000070dc00000| Untracked 
|  87|0x000000070de00000, 0x000000070de00000, 0x000000070e000000|  0%| F|  |TAMS 0x000000070de00000, 0x000000070de00000| Untracked 
|  88|0x000000070e000000, 0x000000070e000000, 0x000000070e200000|  0%| F|  |TAMS 0x000000070e000000, 0x000000070e000000| Untracked 
|  89|0x000000070e200000, 0x000000070e200000, 0x000000070e400000|  0%| F|  |TAMS 0x000000070e200000, 0x000000070e200000| Untracked 
|  90|0x000000070e400000, 0x000000070e400000, 0x000000070e600000|  0%| F|  |TAMS 0x000000070e400000, 0x000000070e400000| Untracked 
|  91|0x000000070e600000, 0x000000070e600000, 0x000000070e800000|  0%| F|  |TAMS 0x000000070e600000, 0x000000070e600000| Untracked 
|  92|0x000000070e800000, 0x000000070e800000, 0x000000070ea00000|  0%| F|  |TAMS 0x000000070e800000, 0x000000070e800000| Untracked 
|  93|0x000000070ea00000, 0x000000070ea00000, 0x000000070ec00000|  0%| F|  |TAMS 0x000000070ea00000, 0x000000070ea00000| Untracked 
|  94|0x000000070ec00000, 0x000000070ec00000, 0x000000070ee00000|  0%| F|  |TAMS 0x000000070ec00000, 0x000000070ec00000| Untracked 
|  95|0x000000070ee00000, 0x000000070ee00000, 0x000000070f000000|  0%| F|  |TAMS 0x000000070ee00000, 0x000000070ee00000| Untracked 
|  96|0x000000070f000000, 0x000000070f000000, 0x000000070f200000|  0%| F|  |TAMS 0x000000070f000000, 0x000000070f000000| Untracked 
|  97|0x000000070f200000, 0x000000070f200000, 0x000000070f400000|  0%| F|  |TAMS 0x000000070f200000, 0x000000070f200000| Untracked 
|  98|0x000000070f400000, 0x000000070f400000, 0x000000070f600000|  0%| F|  |TAMS 0x000000070f400000, 0x000000070f400000| Untracked 
|  99|0x000000070f600000, 0x000000070f600000, 0x000000070f800000|  0%| F|  |TAMS 0x000000070f600000, 0x000000070f600000| Untracked 
| 100|0x000000070f800000, 0x000000070f800000, 0x000000070fa00000|  0%| F|  |TAMS 0x000000070f800000, 0x000000070f800000| Untracked 
| 101|0x000000070fa00000, 0x000000070fa00000, 0x000000070fc00000|  0%| F|  |TAMS 0x000000070fa00000, 0x000000070fa00000| Untracked 
| 102|0x000000070fc00000, 0x000000070fc00000, 0x000000070fe00000|  0%| F|  |TAMS 0x000000070fc00000, 0x000000070fc00000| Untracked 
| 103|0x000000070fe00000, 0x000000070fe00000, 0x0000000710000000|  0%| F|  |TAMS 0x000000070fe00000, 0x000000070fe00000| Untracked 
| 104|0x0000000710000000, 0x0000000710000000, 0x0000000710200000|  0%| F|  |TAMS 0x0000000710000000, 0x0000000710000000| Untracked 
| 105|0x0000000710200000, 0x0000000710200000, 0x0000000710400000|  0%| F|  |TAMS 0x0000000710200000, 0x0000000710200000| Untracked 
| 106|0x0000000710400000, 0x0000000710400000, 0x0000000710600000|  0%| F|  |TAMS 0x0000000710400000, 0x0000000710400000| Untracked 
| 107|0x0000000710600000, 0x0000000710600000, 0x0000000710800000|  0%| F|  |TAMS 0x0000000710600000, 0x0000000710600000| Untracked 
| 108|0x0000000710800000, 0x0000000710800000, 0x0000000710a00000|  0%| F|  |TAMS 0x0000000710800000, 0x0000000710800000| Untracked 
| 109|0x0000000710a00000, 0x0000000710a00000, 0x0000000710c00000|  0%| F|  |TAMS 0x0000000710a00000, 0x0000000710a00000| Untracked 
| 110|0x0000000710c00000, 0x0000000710c00000, 0x0000000710e00000|  0%| F|  |TAMS 0x0000000710c00000, 0x0000000710c00000| Untracked 
| 111|0x0000000710e00000, 0x0000000710e00000, 0x0000000711000000|  0%| F|  |TAMS 0x0000000710e00000, 0x0000000710e00000| Untracked 
| 112|0x0000000711000000, 0x0000000711000000, 0x0000000711200000|  0%| F|  |TAMS 0x0000000711000000, 0x0000000711000000| Untracked 
| 113|0x0000000711200000, 0x0000000711200000, 0x0000000711400000|  0%| F|  |TAMS 0x0000000711200000, 0x0000000711200000| Untracked 
| 114|0x0000000711400000, 0x0000000711400000, 0x0000000711600000|  0%| F|  |TAMS 0x0000000711400000, 0x0000000711400000| Untracked 
| 115|0x0000000711600000, 0x0000000711600000, 0x0000000711800000|  0%| F|  |TAMS 0x0000000711600000, 0x0000000711600000| Untracked 
| 116|0x0000000711800000, 0x0000000711800000, 0x0000000711a00000|  0%| F|  |TAMS 0x0000000711800000, 0x0000000711800000| Untracked 
| 117|0x0000000711a00000, 0x0000000711a00000, 0x0000000711c00000|  0%| F|  |TAMS 0x0000000711a00000, 0x0000000711a00000| Untracked 
| 118|0x0000000711c00000, 0x0000000711c00000, 0x0000000711e00000|  0%| F|  |TAMS 0x0000000711c00000, 0x0000000711c00000| Untracked 
| 119|0x0000000711e00000, 0x0000000711ef2a00, 0x0000000712000000| 47%| E|  |TAMS 0x0000000711e00000, 0x0000000711e00000| Complete 
| 120|0x0000000712000000, 0x0000000712200000, 0x0000000712200000|100%| E|CS|TAMS 0x0000000712000000, 0x0000000712000000| Complete 
| 121|0x0000000712200000, 0x0000000712400000, 0x0000000712400000|100%| E|CS|TAMS 0x0000000712200000, 0x0000000712200000| Complete 
| 122|0x0000000712400000, 0x0000000712600000, 0x0000000712600000|100%| E|CS|TAMS 0x0000000712400000, 0x0000000712400000| Complete 
| 123|0x0000000712600000, 0x0000000712800000, 0x0000000712800000|100%| E|  |TAMS 0x0000000712600000, 0x0000000712600000| Complete 
| 124|0x0000000712800000, 0x0000000712a00000, 0x0000000712a00000|100%| E|CS|TAMS 0x0000000712800000, 0x0000000712800000| Complete 
| 125|0x0000000712a00000, 0x0000000712c00000, 0x0000000712c00000|100%| E|CS|TAMS 0x0000000712a00000, 0x0000000712a00000| Complete 
| 126|0x0000000712c00000, 0x0000000712e00000, 0x0000000712e00000|100%| E|CS|TAMS 0x0000000712c00000, 0x0000000712c00000| Complete 

Card table byte_map: [0x000001dd7d490000,0x000001dd7dc80000] _byte_map_base: 0x000001dd79c78000

Marking Bits (Prev, Next): (CMBitMap*) 0x000001dd79b34680, (CMBitMap*) 0x000001dd79b346c0
 Prev Bits: [0x000001dd077a0000, 0x000001dd0b6e0000)
 Next Bits: [0x000001dd0b6e0000, 0x000001dd0f620000)

Polling page: 0x000001dd77a00000

Metaspace:

Usage:
  Non-class:      3.99 MB used.
      Class:    554.52 KB used.
       Both:      4.53 MB used.

Virtual space:
  Non-class space:        8.00 MB reserved,       4.06 MB ( 51%) committed,  1 nodes.
      Class space:        1.00 GB reserved,     640.00 KB ( <1%) committed,  1 nodes.
             Both:        1.01 GB reserved,       4.69 MB ( <1%) committed. 

Chunk freelists:
   Non-Class:  3.61 MB
       Class:  3.22 MB
        Both:  6.83 MB

MaxMetaspaceSize: unlimited
CompressedClassSpaceSize: 1.00 GB
Initial GC threshold: 21.00 MB
Current GC threshold: 21.00 MB
CDS: on
MetaspaceReclaimPolicy: balanced
 - commit_granule_bytes: 65536.
 - commit_granule_words: 8192.
 - virtual_space_node_default_size: 1048576.
 - enlarge_chunks_in_place: 1.
 - new_chunks_are_fully_committed: 0.
 - uncommit_free_chunks: 1.
 - use_allocation_guard: 0.
 - handle_deallocations: 1.


Internal statistics:

num_allocs_failed_limit: 0.
num_arena_births: 80.
num_arena_deaths: 0.
num_vsnodes_births: 2.
num_vsnodes_deaths: 0.
num_space_committed: 75.
num_space_uncommitted: 0.
num_chunks_returned_to_freelist: 0.
num_chunks_taken_from_freelist: 115.
num_chunk_merges: 0.
num_chunk_splits: 70.
num_chunks_enlarged: 38.
num_purges: 0.
num_inconsistent_stats: 0.

CodeCache: size=49152Kb used=3405Kb max_used=3405Kb free=45746Kb
 bounds [0x000001dd79b90000, 0x000001dd79ef0000, 0x000001dd7cb90000]
 total_blobs=1313 nmethods=880 adapters=359
 compilation: enabled
              stopped_count=0, restarted_count=0
 full_count=0

Compilation events (20 events):
Event: 1.036 Thread 0x000001dd7eeed6f0 nmethod 871 0x000001dd79edf810 code [0x000001dd79edf9a0, 0x000001dd79edfaf8]
Event: 1.036 Thread 0x000001dd7f8e1e70 nmethod 870 0x000001dd79edfc10 code [0x000001dd79edfde0, 0x000001dd79ee00f8]
Event: 1.040 Thread 0x000001dd7f8e1e70  872       1       java.net.URLStreamHandler::getDefaultPort (2 bytes)
Event: 1.040 Thread 0x000001dd7f8e1e70 nmethod 872 0x000001dd79ee0310 code [0x000001dd79ee04a0, 0x000001dd79ee0578]
Event: 1.041 Thread 0x000001dd7f8e1e70  873   !   1       java.util.zip.ZipFile$ZipFileInputStream::close (59 bytes)
Event: 1.041 Thread 0x000001dd7f8e1e70 nmethod 873 0x000001dd79ee0610 code [0x000001dd79ee07c0, 0x000001dd79ee0a28]
Event: 1.042 Thread 0x000001dd7f8e1e70  874       1       java.util.Collections$SetFromMap::remove (19 bytes)
Event: 1.042 Thread 0x000001dd7eeed6f0  875       1       java.util.WeakHashMap::remove (131 bytes)
Event: 1.043 Thread 0x000001dd7f8e1e70 nmethod 874 0x000001dd79ee0c10 code [0x000001dd79ee0da0, 0x000001dd79ee0ea8]
Event: 1.043 Thread 0x000001dd7f8e1e70  876       1       sun.net.www.ParseUtil::firstEncodeIndex (86 bytes)
Event: 1.043 Thread 0x000001dd7f8e2840  877       1       java.lang.String::equalsIgnoreCase (45 bytes)
Event: 1.043 Thread 0x000001dd7eeed6f0 nmethod 875 0x000001dd79ee0f10 code [0x000001dd79ee1100, 0x000001dd79ee1598]
Event: 1.043 Thread 0x000001dd7f8e2840 nmethod 877 0x000001dd79ee1810 code [0x000001dd79ee19a0, 0x000001dd79ee1b28]
Event: 1.043 Thread 0x000001dd7eeed6f0  879       1       java.security.CodeSource::getLocationNoFragString (5 bytes)
Event: 1.043 Thread 0x000001dd7f8e2840  878       1       java.nio.HeapByteBuffer::isDirect (2 bytes)
Event: 1.043 Thread 0x000001dd7eeed6f0 nmethod 879 0x000001dd79ee1c10 code [0x000001dd79ee1da0, 0x000001dd79ee1e78]
Event: 1.043 Thread 0x000001dd7f8e2840 nmethod 878 0x000001dd79ee1f10 code [0x000001dd79ee20a0, 0x000001dd79ee2178]
Event: 1.043 Thread 0x000001dd7eeed6f0  880       1       java.util.jar.JarFile::getVersionedEntry (133 bytes)
Event: 1.044 Thread 0x000001dd7f8e1e70 nmethod 876 0x000001dd79ee2210 code [0x000001dd79ee23e0, 0x000001dd79ee2728]
Event: 1.044 Thread 0x000001dd7eeed6f0 nmethod 880 0x000001dd79ee2990 code [0x000001dd79ee2bc0, 0x000001dd79ee3278]

GC Heap History (0 events):
No events

Deoptimization events (0 events):
No events

Classes unloaded (0 events):
No events

Classes redefined (0 events):
No events

Internal exceptions (10 events):
Event: 0.621 Thread 0x000001dd7fbfcc20 Exception <a 'java/lang/NoSuchMethodError'{0x0000000712598260}: 'java.lang.Object java.lang.invoke.DirectMethodHandle$Holder.invokeStaticInit(java.lang.Object)'> (0x0000000712598260) 
thrown [s\open\src\hotspot\share\interpreter\linkResolver.cpp, line 759]
Event: 0.632 Thread 0x000001dd7fbfcc20 Exception <a 'java/lang/NoSuchMethodError'{0x00000007125a5fb8}: 'void java.lang.invoke.DirectMethodHandle$Holder.invokeStatic(java.lang.Object, java.lang.Object)'> (0x00000007125a5fb8) 
thrown [s\open\src\hotspot\share\interpreter\linkResolver.cpp, line 759]
Event: 0.670 Thread 0x000001dd79ac9dc0 Exception <a 'java/lang/NoSuchMethodError'{0x000000071222aed8}: 'int java.lang.invoke.DirectMethodHandle$Holder.invokeInterface(java.lang.Object, java.lang.Object)'> (0x000000071222aed8) 
thrown [s\open\src\hotspot\share\interpreter\linkResolver.cpp, line 759]
Event: 0.671 Thread 0x000001dd79ac9dc0 Exception <a 'java/lang/IncompatibleClassChangeError'{0x000000071222e4d8}: Found class java.lang.Object, but interface was expected> (0x000000071222e4d8) 
thrown [s\open\src\hotspot\share\interpreter\linkResolver.cpp, line 826]
Event: 0.737 Thread 0x000001dd79ac9dc0 Exception <a 'java/lang/NoSuchMethodError'{0x00000007122f9da8}: 'int java.lang.invoke.DirectMethodHandle$Holder.invokeSpecial(java.lang.Object, java.lang.Object, java.lang.Object)'> (0x00000007122f9da8) 
thrown [s\open\src\hotspot\share\interpreter\linkResolver.cpp, line 759]
Event: 0.792 Thread 0x000001dd79ac9dc0 Exception <a 'java/lang/NoSuchMethodError'{0x00000007123f44c8}: 'void java.lang.invoke.DirectMethodHandle$Holder.invokeStatic(java.lang.Object, java.lang.Object, java.lang.Object)'> (0x00000007123f44c8) 
thrown [s\open\src\hotspot\share\interpreter\linkResolver.cpp, line 759]
Event: 0.806 Thread 0x000001dd79ac9dc0 Exception <a 'java/lang/NoSuchMethodError'{0x0000000712031150}: 'int java.lang.invoke.DirectMethodHandle$Holder.invokeSpecialIFC(java.lang.Object, java.lang.Object, java.lang.Object)'> (0x0000000712031150) 
thrown [s\open\src\hotspot\share\interpreter\linkResolver.cpp, line 759]
Event: 0.848 Thread 0x000001dd79ac9dc0 Exception <a 'java/lang/NoSuchMethodError'{0x00000007120a7638}: 'java.lang.Object java.lang.invoke.DirectMethodHandle$Holder.invokeStaticInit(java.lang.Object, int, int, int, int)'> (0x00000007120a7638) 
thrown [s\open\src\hotspot\share\interpreter\linkResolver.cpp, line 759]
Event: 0.951 Thread 0x000001dd79ac9dc0 Exception <a 'java/lang/NoSuchMethodError'{0x0000000712170f38}: 'java.lang.Object java.lang.invoke.DirectMethodHandle$Holder.invokeStaticInit(java.lang.Object, java.lang.Object, int, int, int, int)'> (0x0000000712170f38) 
thrown [s\open\src\hotspot\share\interpreter\linkResolver.cpp, line 759]
Event: 0.971 Thread 0x000001dd79ac9dc0 Exception <a 'java/lang/ClassNotFoundException'{0x000000071218f350}: javax/management/remote/rmi/RMIServerImpl_Skel> (0x000000071218f350) 
thrown [s\open\src\hotspot\share\classfile\systemDictionary.cpp, line 256]

VM Operations (8 events):
Event: 0.450 Executing VM operation: HandshakeAllThreads
Event: 0.451 Executing VM operation: HandshakeAllThreads done
Event: 0.617 Executing VM operation: HandshakeAllThreads
Event: 0.617 Executing VM operation: HandshakeAllThreads done
Event: 0.677 Executing VM operation: HandshakeAllThreads
Event: 0.677 Executing VM operation: HandshakeAllThreads done
Event: 0.828 Executing VM operation: HandshakeAllThreads
Event: 0.828 Executing VM operation: HandshakeAllThreads done

Events (20 events):
Event: 0.995 loading class java/io/ObjectStreamClass$ClassDataSlot done
Event: 0.995 loading class java/io/SerialCallbackContext
Event: 0.996 loading class java/io/SerialCallbackContext done
Event: 0.996 loading class sun/rmi/transport/ConnectionOutputStream
Event: 0.996 loading class sun/rmi/server/MarshalOutputStream
Event: 0.996 loading class sun/rmi/server/MarshalOutputStream done
Event: 0.996 loading class sun/rmi/transport/ConnectionOutputStream done
Event: 0.997 loading class jdk/internal/agent/ConnectorAddressLink
Event: 0.997 loading class jdk/internal/agent/ConnectorAddressLink done
Event: 0.997 loading class sun/management/counter/Units
Event: 0.997 loading class sun/management/counter/Units done
Event: 0.998 loading class jdk/internal/loader/URLClassPath$FileLoader$1
Event: 0.998 loading class jdk/internal/loader/URLClassPath$FileLoader$1 done
Event: 1.041 loading class java/util/ServiceConfigurationError
Event: 1.041 loading class java/util/ServiceConfigurationError done
Event: 1.041 loading class java/lang/NoSuchFieldError
Event: 1.041 loading class java/lang/NoSuchFieldError done
Event: 1.044 loading class java/lang/UnsupportedOperationException
Event: 1.044 loading class java/lang/UnsupportedOperationException done
Event: 1.044 loading class java/util/concurrent/LinkedBlockingQueue


Dynamic libraries:
0x00007ff7452a0000 - 0x00007ff7452b0000 	C:\Program Files\Java\jdk-17.0.5\bin\java.exe
0x00007fff71250000 - 0x00007fff71464000 	C:\WINDOWS\SYSTEM32\ntdll.dll
0x00007fff706c0000 - 0x00007fff70783000 	C:\WINDOWS\System32\KERNEL32.DLL
0x00007fff6e9e0000 - 0x00007fff6ed7d000 	C:\WINDOWS\System32\KERNELBASE.dll
0x00007fff6ed80000 - 0x00007fff6ee91000 	C:\WINDOWS\System32\ucrtbase.dll
0x00007fff68430000 - 0x00007fff68448000 	C:\Program Files\Java\jdk-17.0.5\bin\jli.dll
0x00007fff51180000 - 0x00007fff5119a000 	C:\Program Files\Java\jdk-17.0.5\bin\VCRUNTIME140.dll
0x00007fff70910000 - 0x00007fff709be000 	C:\WINDOWS\System32\ADVAPI32.dll
0x00007fff71120000 - 0x00007fff711c7000 	C:\WINDOWS\System32\msvcrt.dll
0x00007fff6f6a0000 - 0x00007fff6f744000 	C:\WINDOWS\System32\sechost.dll
0x00007fff707f0000 - 0x00007fff70905000 	C:\WINDOWS\System32\RPCRT4.dll
0x00007fff70410000 - 0x00007fff705bd000 	C:\WINDOWS\System32\USER32.dll
0x00007fff51a40000 - 0x00007fff51cce000 	C:\WINDOWS\WinSxS\amd64_microsoft.windows.common-controls_6595b64144ccf1df_6.0.22621.608_none_a9444ca7c10bb01d\COMCTL32.dll
0x00007fff6eea0000 - 0x00007fff6eec6000 	C:\WINDOWS\System32\win32u.dll
0x00007fff6f040000 - 0x00007fff6f069000 	C:\WINDOWS\System32\GDI32.dll
0x00007fff6e840000 - 0x00007fff6e952000 	C:\WINDOWS\System32\gdi32full.dll
0x00007fff6e670000 - 0x00007fff6e70a000 	C:\WINDOWS\System32\msvcp_win.dll
0x00007fff66ed0000 - 0x00007fff66eda000 	C:\WINDOWS\SYSTEM32\VERSION.dll
0x00007fff711d0000 - 0x00007fff71202000 	C:\WINDOWS\System32\IMM32.DLL
0x00007fff68420000 - 0x00007fff6842c000 	C:\Program Files\Java\jdk-17.0.5\bin\vcruntime140_1.dll
0x00007fff372e0000 - 0x00007fff3736d000 	C:\Program Files\Java\jdk-17.0.5\bin\msvcp140.dll
0x00007ffeef040000 - 0x00007ffeefc02000 	C:\Program Files\Java\jdk-17.0.5\bin\server\jvm.dll
0x00007fff6f460000 - 0x00007fff6f468000 	C:\WINDOWS\System32\PSAPI.DLL
0x00007fff675b0000 - 0x00007fff675e4000 	C:\WINDOWS\SYSTEM32\WINMM.dll
0x00007fff4f4b0000 - 0x00007fff4f4b9000 	C:\WINDOWS\SYSTEM32\WSOCK32.dll
0x00007fff6f250000 - 0x00007fff6f2c1000 	C:\WINDOWS\System32\WS2_32.dll
0x00007fff6d770000 - 0x00007fff6d788000 	C:\WINDOWS\SYSTEM32\kernel.appcore.dll
0x00007fff50fc0000 - 0x00007fff50fca000 	C:\Program Files\Java\jdk-17.0.5\bin\jimage.dll
0x00007fff6bfe0000 - 0x00007fff6c20e000 	C:\WINDOWS\SYSTEM32\DBGHELP.DLL
0x00007fff70c70000 - 0x00007fff70ffa000 	C:\WINDOWS\System32\combase.dll
0x00007fff70ad0000 - 0x00007fff70ba7000 	C:\WINDOWS\System32\OLEAUT32.dll
0x00007fff4e760000 - 0x00007fff4e792000 	C:\WINDOWS\SYSTEM32\dbgcore.DLL
0x00007fff6e960000 - 0x00007fff6e9db000 	C:\WINDOWS\System32\bcryptPrimitives.dll
0x00007fff686c0000 - 0x00007fff686ce000 	C:\Program Files\Java\jdk-17.0.5\bin\instrument.dll
0x00007fff50f90000 - 0x00007fff50fb5000 	C:\Program Files\Java\jdk-17.0.5\bin\java.dll
0x00007fff29110000 - 0x00007fff291e6000 	C:\Program Files\Java\jdk-17.0.5\bin\jsvml.dll
0x00007fff6fbd0000 - 0x00007fff703bf000 	C:\WINDOWS\System32\SHELL32.dll
0x00007fff6c650000 - 0x00007fff6cf18000 	C:\WINDOWS\SYSTEM32\windows.storage.dll
0x00007fff6c510000 - 0x00007fff6c64e000 	C:\WINDOWS\SYSTEM32\wintypes.dll
0x00007fff6f350000 - 0x00007fff6f441000 	C:\WINDOWS\System32\SHCORE.dll
0x00007fff70790000 - 0x00007fff707ee000 	C:\WINDOWS\System32\shlwapi.dll
0x00007fff6e5a0000 - 0x00007fff6e5c1000 	C:\WINDOWS\SYSTEM32\profapi.dll
0x00007fff4aa10000 - 0x00007fff4aa28000 	C:\Program Files\Java\jdk-17.0.5\bin\zip.dll
0x00007fff50f50000 - 0x00007fff50f69000 	C:\Program Files\Java\jdk-17.0.5\bin\net.dll
0x00007fff672a0000 - 0x00007fff673cf000 	C:\WINDOWS\SYSTEM32\WINHTTP.dll
0x00007fff6dbd0000 - 0x00007fff6dc39000 	C:\WINDOWS\system32\mswsock.dll
0x00007fff4aa30000 - 0x00007fff4aa46000 	C:\Program Files\Java\jdk-17.0.5\bin\nio.dll
0x00007fff59300000 - 0x00007fff5931a000 	C:\Program Files\JetBrains\IntelliJ IDEA 2022.2.1\bin\breakgen64.dll
0x00007fff6d250000 - 0x00007fff6d342000 	C:\WINDOWS\SYSTEM32\DNSAPI.dll
0x00007fff6d1e0000 - 0x00007fff6d20d000 	C:\WINDOWS\SYSTEM32\IPHLPAPI.DLL
0x00007fff6f4f0000 - 0x00007fff6f4f9000 	C:\WINDOWS\System32\NSI.dll
0x00007fff63240000 - 0x00007fff6324a000 	C:\Windows\System32\rasadhlp.dll
0x00007fff66720000 - 0x00007fff667a3000 	C:\WINDOWS\System32\fwpuclnt.dll
0x00007fff681c0000 - 0x00007fff681c9000 	C:\Program Files\Java\jdk-17.0.5\bin\management.dll
0x00007fff592e0000 - 0x00007fff592eb000 	C:\Program Files\Java\jdk-17.0.5\bin\management_ext.dll
0x00007fff6def0000 - 0x00007fff6df0b000 	C:\WINDOWS\SYSTEM32\CRYPTSP.dll
0x00007fff6d6e0000 - 0x00007fff6d715000 	C:\WINDOWS\system32\rsaenh.dll
0x00007fff6dc70000 - 0x00007fff6dc98000 	C:\WINDOWS\SYSTEM32\USERENV.dll
0x00007fff6e010000 - 0x00007fff6e038000 	C:\WINDOWS\SYSTEM32\bcrypt.dll
0x00007fff6ded0000 - 0x00007fff6dedc000 	C:\WINDOWS\SYSTEM32\CRYPTBASE.dll
0x00007fff67b20000 - 0x00007fff67b39000 	C:\WINDOWS\SYSTEM32\dhcpcsvc6.DLL
0x00007fff67590000 - 0x00007fff675af000 	C:\WINDOWS\SYSTEM32\dhcpcsvc.DLL
0x00007fff4b0d0000 - 0x00007fff4b0e7000 	C:\WINDOWS\system32\napinsp.dll
0x00007fff4b0b0000 - 0x00007fff4b0cb000 	C:\WINDOWS\system32\pnrpnsp.dll
0x00007fff47c50000 - 0x00007fff47c61000 	C:\WINDOWS\System32\winrnr.dll
0x00007fff66ff0000 - 0x00007fff67005000 	C:\WINDOWS\system32\wshbth.dll
0x00007fff46110000 - 0x00007fff46131000 	C:\WINDOWS\system32\nlansp_c.dll

dbghelp: loaded successfully - version: 4.0.5 - missing functions: none
symbol engine: initialized successfully - sym options: 0x614 - pdb path: .;C:\Program Files\Java\jdk-17.0.5\bin;C:\WINDOWS\SYSTEM32;C:\WINDOWS\WinSxS\amd64_microsoft.windows.common-controls_6595b64144ccf1df_6.0.22621.608_none_a9444ca7c10bb01d;C:\Program Files\Java\jdk-17.0.5\bin\server;C:\Program Files\JetBrains\IntelliJ IDEA 2022.2.1\bin

VM Arguments:
jvm_args: -XX:TieredStopAtLevel=1 -Dspring.output.ansi.enabled=always -Dcom.sun.management.jmxremote -Dspring.jmx.enabled=true -Dspring.liveBeansView.mbeanDomain -Dspring.application.admin.enabled=true -javaagent:C:\Program Files\JetBrains\IntelliJ IDEA 2022.2.1\lib\idea_rt.jar=4167:C:\Program Files\JetBrains\IntelliJ IDEA 2022.2.1\bin -Dfile.encoding=UTF-8 
java_command: com.infinity.config.ConfigServerApplication
java_class_path (initial): D:\hr-config-server\target\classes;C:\Users\new\.m2\repository\org\springframework\boot\spring-boot-starter-actuator\3.0.2\spring-boot-starter-actuator-3.0.2.jar;C:\Users\new\.m2\repository\org\springframework\boot\spring-boot-starter\3.0.2\spring-boot-starter-3.0.2.jar;C:\Users\new\.m2\repository\org\springframework\boot\spring-boot\3.0.2\spring-boot-3.0.2.jar;C:\Users\new\.m2\repository\org\springframework\spring-context\6.0.4\spring-context-6.0.4.jar;C:\Users\new\.m2\repository\org\springframework\boot\spring-boot-autoconfigure\3.0.2\spring-boot-autoconfigure-3.0.2.jar;C:\Users\new\.m2\repository\org\springframework\boot\spring-boot-starter-logging\3.0.2\spring-boot-starter-logging-3.0.2.jar;C:\Users\new\.m2\repository\ch\qos\logback\logback-classic\1.4.5\logback-classic-1.4.5.jar;C:\Users\new\.m2\repository\ch\qos\logback\logback-core\1.4.5\logback-core-1.4.5.jar;C:\Users\new\.m2\repository\org\apache\logging\log4j\log4j-to-slf4j\2.19.0\log4j-to-slf4j-2.19.0.jar;C:\Users\new\.m2\repository\org\apache\logging\log4j\log4j-api\2.19.0\log4j-api-2.19.0.jar;C:\Users\new\.m2\repository\org\slf4j\jul-to-slf4j\2.0.6\jul-to-slf4j-2.0.6.jar;C:\Users\new\.m2\repository\jakarta\annotation\jakarta.annotation-api\2.1.1\jakarta.annotation-api-2.1.1.jar;C:\Users\new\.m2\repository\org\springframework\spring-core\6.0.4\spring-core-6.0.4.jar;C:\Users\new\.m2\repository\org\springframework\spring-jcl\6.0.4\spring-jcl-6.0.4.jar;C:\Users\new\.m2\repository\org\springframework\boot\spring-boot-actuator-autoconfigure\3.0.2\spring-boot-actuator-autoconfigure-3.0.2.jar;C:\Users\new\.m2\repository\org\springframework\boot\spring-boot-actuator\3.0.2\spring-boot-actuator-3.0.2.jar;C:\Users\new\.m2\repository\com\fasterxml\jackson\core\jackson-databind\2.14.1\jackson-databind-2.14.1.jar;C:\Users\new\.m2\repository\com\fasterxml\jackson\datatype\jackson-datatype-jsr310\2.14.1\jackson-datatype-jsr310-2.14.1.jar;C:\Users\new\.m2\repository\io\micrometer\micrometer-o
Launcher Type: SUN_STANDARD

[Global flags]
     intx CICompilerCount                          = 4                                         {product} {ergonomic}
     uint ConcGCThreads                            = 2                                         {product} {ergonomic}
     uint G1ConcRefinementThreads                  = 8                                         {product} {ergonomic}
   size_t G1HeapRegionSize                         = 2097152                                   {product} {ergonomic}
    uintx GCDrainStackTargetSize                   = 64                                        {product} {ergonomic}
   size_t InitialHeapSize                          = 266338304                                 {product} {ergonomic}
     bool ManagementServer                         = true                                      {product} {command line}
   size_t MarkStackSize                            = 4194304                                   {product} {ergonomic}
   size_t MaxHeapSize                              = 4244635648                                {product} {ergonomic}
   size_t MaxNewSize                               = 2545942528                                {product} {ergonomic}
   size_t MinHeapDeltaBytes                        = 2097152                                   {product} {ergonomic}
   size_t MinHeapSize                              = 8388608                                   {product} {ergonomic}
    uintx NonProfiledCodeHeapSize                  = 0                                      {pd product} {ergonomic}
     bool ProfileInterpreter                       = false                                  {pd product} {command line}
    uintx ProfiledCodeHeapSize                     = 0                                      {pd product} {ergonomic}
   size_t SoftMaxHeapSize                          = 4244635648                             {manageable} {ergonomic}
     intx TieredStopAtLevel                        = 1                                         {product} {command line}
     bool UseCompressedClassPointers               = true                           {product lp64_product} {ergonomic}
     bool UseCompressedOops                        = true                           {product lp64_product} {ergonomic}
     bool UseG1GC                                  = true                                      {product} {ergonomic}
     bool UseLargePagesIndividualAllocation        = false                                  {pd product} {ergonomic}

Logging:
Log output configuration:
 #0: stdout all=warning uptime,level,tags
 #1: stderr all=off uptime,level,tags

Environment Variables:
JAVA_HOME=C:\Program Files\Java\jdk-17.0.5
PATH=C:\Program Files\Common Files\Oracle\Java\javapath;C:\Python310\Scripts\;C:\Python310\;C:\OraClient32;C:\WINDOWS\system32;C:\WINDOWS;C:\WINDOWS\System32\Wbem;C:\WINDOWS\System32\WindowsPowerShell\v1.0\;C:\WINDOWS\System32\OpenSSH\;C:\Program Files (x86)\NVIDIA Corporation\PhysX\Common;C:\Program Files\NVIDIA Corporation\NVIDIA NvDLISR;C:\ProgramData\chocolatey\bin;C:\Program Files\Git\cmd;D:\maven\3.8.6\bin;C:\Program Files\Java\jdk-17.0.5\bin;C:\Program Files\nodejs\;C:\WINDOWS\system32;C:\WINDOWS;C:\WINDOWS\System32\Wbem;C:\WINDOWS\System32\WindowsPowerShell\v1.0\;C:\WINDOWS\System32\OpenSSH\;C:\Program Files\Docker\Docker\resources\bin;C:\OraClient32;C:\Users\new\AppData\Local\Microsoft\WindowsApps;C:\Users\new\AppData\Local\atom\bin;C:\Users\new\AppData\Roaming\npm;%USERPROFILE%\AppData\Local\Microsoft\WindowsApps;
USERNAME=AbuAmro
OS=Windows_NT
PROCESSOR_IDENTIFIER=Intel64 Family 6 Model 142 Stepping 12, GenuineIntel



---------------  S Y S T E M  ---------------

OS:
 Windows 11 , 64 bit Build 22621 (10.0.22621.1105)
OS uptime: 6 days 14:54 hours
Hyper-V role detected

CPU: total 8 (initial active 8) (4 cores per cpu, 2 threads per core) family 6 model 142 stepping 12 microcode 0xde, cx8, cmov, fxsr, ht, mmx, 3dnowpref, sse, sse2, sse3, ssse3, sse4.1, sse4.2, popcnt, lzcnt, tsc, tscinvbit, avx, avx2, aes, erms, clmul, bmi1, bmi2, adx, fma, vzeroupper, clflush, clflushopt, hv

Memory: 4k page, system-wide physical 16187M (594M free)
TotalPageFile size 35877M (AvailPageFile size 0M)
current process WorkingSet (physical memory assigned to process): 57M, peak: 57M
current process commit charge ("private bytes"): 348M, peak: 348M

vm_info: Java HotSpot(TM) 64-Bit Server VM (17.0.5+9-LTS-191) for windows-amd64 JRE (17.0.5+9-LTS-191), built on Sep 13 2022 17:31:43 by "mach5one" with MS VC++ 16.8 / 16.9 (VS2019)

END.
